appcenter/build/intermediates/manifest_merge_blame_file/debug/manifest-merger-blame-debug-report.txt
1<?xml version="1.0" encoding="utf-8"?>
2<manifest xmlns:android="http://schemas.android.com/apk/res/android"
3    package="com.example.appcenter" >
4
5    <uses-sdk
6        android:minSdkVersion="16"
6-->src/main/AndroidManifest.xml
7        android:targetSdkVersion="29" />
7-->src/main/AndroidManifest.xml
8
9    <uses-permission android:name="android.permission.ACCESS_NETWORK_STATE" />
9-->src/main/AndroidManifest.xml:5:5-79
9-->src/main/AndroidManifest.xml:5:22-76
10    <uses-permission android:name="android.permission.INTERNET" />
10-->src/main/AndroidManifest.xml:6:5-67
10-->src/main/AndroidManifest.xml:6:22-64
11
12    <application>
12-->src/main/AndroidManifest.xml:8:5-13:19
13        <activity
13-->src/main/AndroidManifest.xml:9:9-11:52
14            android:name="com.example.appcenter.MoreAppsActivity"
14-->src/main/AndroidManifest.xml:10:13-45
15            android:screenOrientation="portrait" />
15-->src/main/AndroidManifest.xml:11:13-49
16    </application>
17
18</manifest>